d:\_учёба_\nanolanguage, son\tov-2022\tov-2022\release\vc143.pdb
d:\_учёба_\nanolanguage, son\tov-2022\tov-2022\release\tov-2022.obj
d:\_учёба_\nanolanguage, son\tov-2022\tov-2022\release\semantic.obj
d:\_учёба_\nanolanguage, son\tov-2022\tov-2022\release\polization.obj
d:\_учёба_\nanolanguage, son\tov-2022\tov-2022\release\parm.obj
d:\_учёба_\nanolanguage, son\tov-2022\tov-2022\release\out.obj
d:\_учёба_\nanolanguage, son\tov-2022\tov-2022\release\mfst.obj
d:\_учёба_\nanolanguage, son\tov-2022\tov-2022\release\lt.obj
d:\_учёба_\nanolanguage, son\tov-2022\tov-2022\release\log.obj
d:\_учёба_\nanolanguage, son\tov-2022\tov-2022\release\it.obj
d:\_учёба_\nanolanguage, son\tov-2022\tov-2022\release\in.obj
d:\_учёба_\nanolanguage, son\tov-2022\tov-2022\release\greibach.obj
d:\_учёба_\nanolanguage, son\tov-2022\tov-2022\release\fst.obj
d:\_учёба_\nanolanguage, son\tov-2022\tov-2022\release\error.obj
d:\_учёба_\nanolanguage, son\tov-2022\tov-2022\release\codegen.obj
d:\_учёба_\nanolanguage, son\tov-2022\release\tov-2022.exe
d:\_учёба_\nanolanguage, son\tov-2022\tov-2022\release\tov-2022.ipdb
d:\_учёба_\nanolanguage, son\tov-2022\tov-2022\release\tov-2022.iobj
d:\_учёба_\nanolanguage, son\tov-2022\release\tov-2022.pdb
d:\_учёба_\nanolanguage, son\tov-2022\tov-2022\release\tov-2022.tlog\cl.command.1.tlog
d:\_учёба_\nanolanguage, son\tov-2022\tov-2022\release\tov-2022.tlog\cl.read.1.tlog
d:\_учёба_\nanolanguage, son\tov-2022\tov-2022\release\tov-2022.tlog\cl.write.1.tlog
d:\_учёба_\nanolanguage, son\tov-2022\tov-2022\release\tov-2022.tlog\link.command.1.tlog
d:\_учёба_\nanolanguage, son\tov-2022\tov-2022\release\tov-2022.tlog\link.read.1.tlog
d:\_учёба_\nanolanguage, son\tov-2022\tov-2022\release\tov-2022.tlog\link.write.1.tlog
