d:\_учёба_\nanolanguage, son\tov-2022\tov-2022\debug\vc143.pdb
d:\_учёба_\nanolanguage, son\tov-2022\tov-2022\debug\vc143.idb
d:\_учёба_\nanolanguage, son\tov-2022\tov-2022\debug\tov-2022.obj
d:\_учёба_\nanolanguage, son\tov-2022\tov-2022\debug\semantic.obj
d:\_учёба_\nanolanguage, son\tov-2022\tov-2022\debug\polization.obj
d:\_учёба_\nanolanguage, son\tov-2022\tov-2022\debug\parm.obj
d:\_учёба_\nanolanguage, son\tov-2022\tov-2022\debug\out.obj
d:\_учёба_\nanolanguage, son\tov-2022\tov-2022\debug\mfst.obj
d:\_учёба_\nanolanguage, son\tov-2022\tov-2022\debug\lt.obj
d:\_учёба_\nanolanguage, son\tov-2022\tov-2022\debug\log.obj
d:\_учёба_\nanolanguage, son\tov-2022\tov-2022\debug\it.obj
d:\_учёба_\nanolanguage, son\tov-2022\tov-2022\debug\in.obj
d:\_учёба_\nanolanguage, son\tov-2022\tov-2022\debug\greibach.obj
d:\_учёба_\nanolanguage, son\tov-2022\tov-2022\debug\fst.obj
d:\_учёба_\nanolanguage, son\tov-2022\tov-2022\debug\error.obj
d:\_учёба_\nanolanguage, son\tov-2022\tov-2022\debug\codegen.obj
d:\_учёба_\nanolanguage, son\tov-2022\debug\tov-2022.exe
d:\_учёба_\nanolanguage, son\tov-2022\tov-2022\debug\tov-2022.ilk
d:\_учёба_\nanolanguage, son\tov-2022\debug\tov-2022.pdb
d:\_учёба_\nanolanguage, son\tov-2022\tov-2022\debug\codegen.obj.enc
d:\_учёба_\nanolanguage, son\tov-2022\tov-2022\debug\lt.obj.enc
d:\_учёба_\nanolanguage, son\tov-2022\tov-2022\debug\semantic.obj.enc
d:\_учёба_\nanolanguage, son\tov-2022\tov-2022\debug\tov-2022.tlog\cl.command.1.tlog
d:\_учёба_\nanolanguage, son\tov-2022\tov-2022\debug\tov-2022.tlog\cl.read.1.tlog
d:\_учёба_\nanolanguage, son\tov-2022\tov-2022\debug\tov-2022.tlog\cl.write.1.tlog
d:\_учёба_\nanolanguage, son\tov-2022\tov-2022\debug\tov-2022.tlog\link.command.1.tlog
d:\_учёба_\nanolanguage, son\tov-2022\tov-2022\debug\tov-2022.tlog\link.read.1.tlog
d:\_учёба_\nanolanguage, son\tov-2022\tov-2022\debug\tov-2022.tlog\link.write.1.tlog
